2025-07-16 00:57:17 - ============================================================
2025-07-16 00:57:17 - 音频音量归一化程序
2025-07-16 00:57:17 - ============================================================
2025-07-16 00:57:17 - 步骤1: 分析音频文件音量水平
2025-07-16 00:57:17 - 分析 241 个音频文件的音量水平...
2025-07-16 00:57:19 - 原始音频音量分析结果:
2025-07-16 00:57:19 -   文件数量: 241
2025-07-16 00:57:19 -   RMS 平均值: 3530.34
2025-07-16 00:57:19 -   RMS 中位数: 3606.98
2025-07-16 00:57:19 -   RMS 标准差: 1274.70
2025-07-16 00:57:19 -   RMS 方差: 1624860.76
2025-07-16 00:57:19 -   RMS 范围: 856.45 - 8379.38
2025-07-16 00:57:19 -   峰值平均值: -1.06 dB
2025-07-16 00:57:19 -   峰值中位数: -0.66 dB
2025-07-16 00:57:19 -   峰值标准差: 1.14 dB
2025-07-16 00:57:19 -   峰值方差: 1.30 dB
2025-07-16 00:57:19 -   峰值范围: -6.86 - 0.00 dB
2025-07-16 00:57:19 - 步骤2: 选择归一化方法
2025-07-16 00:57:19 - 推荐使用 RMS 方法，因为它更好地保持语音的相对音量关系
2025-07-16 00:57:19 - 使用 RMS 方法，目标 RMS 值: 3606.98
2025-07-16 00:57:19 - 步骤3: 执行音量归一化
2025-07-16 00:57:19 - 开始归一化 241 个音频文件...
2025-07-16 00:57:19 - 使用方法: rms
2025-07-16 00:57:19 - 目标RMS: 3606.98191807741
2025-07-16 00:57:23 - 归一化完成！
2025-07-16 00:57:23 - 成功处理: 241/241 个文件
2025-07-16 00:57:23 - 成功率: 100.0%
2025-07-16 00:57:23 - 步骤4: 分析归一化后的音频
2025-07-16 00:57:23 - 分析 241 个音频文件的音量水平...
2025-07-16 00:57:28 - 归一化后音频音量分析结果:
2025-07-16 00:57:28 -   文件数量: 241
2025-07-16 00:57:28 -   RMS 平均值: 3603.13
2025-07-16 00:57:28 -   RMS 中位数: 3606.98
2025-07-16 00:57:28 -   RMS 标准差: 15.89
2025-07-16 00:57:28 -   RMS 方差: 252.52
2025-07-16 00:57:28 -   RMS 范围: 3442.22 - 3606.98
2025-07-16 00:57:28 -   峰值平均值: -1.29 dB
2025-07-16 00:57:28 -   峰值中位数: -0.74 dB
2025-07-16 00:57:28 -   峰值标准差: 1.47 dB
2025-07-16 00:57:28 -   峰值方差: 2.16 dB
2025-07-16 00:57:28 -   峰值范围: -7.66 - 0.00 dB
2025-07-16 00:57:28 - 归一化前后对比:
2025-07-16 00:57:28 -   RMS 平均值: 3530.34 -> 3603.13
2025-07-16 00:57:28 -   RMS 标准差: 1274.70 -> 15.89
2025-07-16 00:57:28 -   RMS 方差: 1624860.76 -> 252.52
2025-07-16 00:57:28 -   RMS 范围: 7522.93 -> 164.76
2025-07-16 00:57:28 -   RMS 标准差降低: 98.8%
2025-07-16 00:57:28 -   RMS 方差降低: 100.0%
2025-07-16 00:57:28 -   峰值平均值: -1.06 -> -1.29 dB
2025-07-16 00:57:28 -   峰值标准差: 1.14 -> 1.47 dB
2025-07-16 00:57:28 - 日志已保存到: normalize_audio_20250716_005717.log
2025-07-16 00:57:28 - ============================================================
2025-07-16 00:57:28 - 音量归一化完成！
2025-07-16 00:57:28 - 现在可以运行 split_audio.py 来分割音频文件
2025-07-16 00:57:28 - ============================================================
