2025-07-16 02:00:32 - 检测到失败文件重试配置，使用 shorts_noisy 目录
2025-07-16 02:00:32 - ============================================================
2025-07-16 02:00:32 - 音频分割程序开始运行
2025-07-16 02:00:32 - 从 balanced 读取归一化后的音频文件
2025-07-16 02:00:32 - 分割后的文件保存到 shorts_noisy
2025-07-16 02:00:32 - 开始时间: 2025-07-16 02:00:32
2025-07-16 02:00:32 - ============================================================
2025-07-16 02:00:32 - 配置文件中指定了 41 个失败文件
2025-07-16 02:00:32 - 在 balanced 目录中找到 41 个待重试文件
2025-07-16 02:00:32 - 进度: 1/41
2025-07-16 02:00:32 - 使用特殊配置: thresh=-40, min_silence=300, force=True
2025-07-16 02:00:32 - 处理文件: balanced\2022-11-27_18-36-15.wav
2025-07-16 02:00:32 - 音频时长: 78.32秒
2025-07-16 02:00:33 - 保存: shorts_noisy\2022-11-27_18-36-15_PART0000.wav (长度: 12.67秒)
2025-07-16 02:00:33 - 保存: shorts_noisy\2022-11-27_18-36-15_PART0001.wav (长度: 41.22秒)
2025-07-16 02:00:33 - 保存: shorts_noisy\2022-11-27_18-36-15_PART0002.wav (长度: 23.79秒)
2025-07-16 02:00:33 - --------------------------------------------------
2025-07-16 02:00:33 - 进度: 2/41
2025-07-16 02:00:33 - 使用特殊配置: thresh=-40, min_silence=300, force=True
2025-07-16 02:00:33 - 处理文件: balanced\2022-12-03_10-34-49.wav
2025-07-16 02:00:33 - 音频时长: 88.03秒
2025-07-16 02:00:34 - 保存: shorts_noisy\2022-12-03_10-34-49_PART0000.wav (长度: 7.87秒)
2025-07-16 02:00:34 - 保存: shorts_noisy\2022-12-03_10-34-49_PART0001.wav (长度: 6.67秒)
2025-07-16 02:00:34 - 保存: shorts_noisy\2022-12-03_10-34-49_PART0002.wav (长度: 8.87秒)
2025-07-16 02:00:34 - 保存: shorts_noisy\2022-12-03_10-34-49_PART0003.wav (长度: 11.14秒)
2025-07-16 02:00:34 - 保存: shorts_noisy\2022-12-03_10-34-49_PART0004.wav (长度: 13.85秒)
2025-07-16 02:00:34 - 保存: shorts_noisy\2022-12-03_10-34-49_PART0005.wav (长度: 11.91秒)
2025-07-16 02:00:34 - 保存: shorts_noisy\2022-12-03_10-34-49_PART0006.wav (长度: 16.14秒)
2025-07-16 02:00:34 - 保存: shorts_noisy\2022-12-03_10-34-49_PART0007.wav (长度: 7.79秒)
2025-07-16 02:00:34 - --------------------------------------------------
2025-07-16 02:00:34 - 进度: 3/41
2025-07-16 02:00:34 - 使用特殊配置: thresh=-40, min_silence=300, force=True
2025-07-16 02:00:34 - 处理文件: balanced\2022-12-04_07-39-56.wav
2025-07-16 02:00:34 - 音频时长: 98.52秒
2025-07-16 02:00:34 - 保存: shorts_noisy\2022-12-04_07-39-56_PART0000.wav (长度: 18.68秒)
2025-07-16 02:00:34 - 保存: shorts_noisy\2022-12-04_07-39-56_PART0001.wav (长度: 10.46秒)
2025-07-16 02:00:34 - 保存: shorts_noisy\2022-12-04_07-39-56_PART0002.wav (长度: 7.85秒)
2025-07-16 02:00:34 - 保存: shorts_noisy\2022-12-04_07-39-56_PART0003.wav (长度: 7.50秒)
2025-07-16 02:00:34 - 保存: shorts_noisy\2022-12-04_07-39-56_PART0004.wav (长度: 8.49秒)
2025-07-16 02:00:34 - 保存: shorts_noisy\2022-12-04_07-39-56_PART0005.wav (长度: 6.53秒)
2025-07-16 02:00:34 - 保存: shorts_noisy\2022-12-04_07-39-56_PART0006.wav (长度: 9.35秒)
2025-07-16 02:00:34 - 保存: shorts_noisy\2022-12-04_07-39-56_PART0007.wav (长度: 6.86秒)
2025-07-16 02:00:34 - 保存: shorts_noisy\2022-12-04_07-39-56_PART0008.wav (长度: 6.29秒)
2025-07-16 02:00:34 - 保存: shorts_noisy\2022-12-04_07-39-56_PART0009.wav (长度: 12.08秒)
2025-07-16 02:00:34 - --------------------------------------------------
2025-07-16 02:00:34 - 进度: 4/41
2025-07-16 02:00:34 - 使用特殊配置: thresh=-40, min_silence=300, force=True
2025-07-16 02:00:34 - 处理文件: balanced\2023-01-05_06-20-10.wav
2025-07-16 02:00:34 - 音频时长: 109.11秒
2025-07-16 02:00:35 - 保存: shorts_noisy\2023-01-05_06-20-10_PART0000.wav (长度: 7.25秒)
2025-07-16 02:00:35 - 保存: shorts_noisy\2023-01-05_06-20-10_PART0001.wav (长度: 21.62秒)
2025-07-16 02:00:35 - 保存: shorts_noisy\2023-01-05_06-20-10_PART0002.wav (长度: 31.27秒)
2025-07-16 02:00:35 - 保存: shorts_noisy\2023-01-05_06-20-10_PART0003.wav (长度: 7.12秒)
2025-07-16 02:00:35 - 保存: shorts_noisy\2023-01-05_06-20-10_PART0004.wav (长度: 8.69秒)
2025-07-16 02:00:35 - 保存: shorts_noisy\2023-01-05_06-20-10_PART0005.wav (长度: 12.01秒)
2025-07-16 02:00:35 - 保存: shorts_noisy\2023-01-05_06-20-10_PART0006.wav (长度: 6.58秒)
2025-07-16 02:00:35 - 保存: shorts_noisy\2023-01-05_06-20-10_PART0007.wav (长度: 10.94秒)
2025-07-16 02:00:35 - --------------------------------------------------
2025-07-16 02:00:35 - 进度: 5/41
2025-07-16 02:00:35 - 使用特殊配置: thresh=-40, min_silence=300, force=True
2025-07-16 02:00:35 - 处理文件: balanced\2023-01-06_14-52-12.wav
2025-07-16 02:00:35 - 音频时长: 129.31秒
2025-07-16 02:00:36 - 保存: shorts_noisy\2023-01-06_14-52-12_PART0000.wav (长度: 7.53秒)
2025-07-16 02:00:36 - 保存: shorts_noisy\2023-01-06_14-52-12_PART0001.wav (长度: 10.53秒)
2025-07-16 02:00:36 - 保存: shorts_noisy\2023-01-06_14-52-12_PART0002.wav (长度: 11.89秒)
2025-07-16 02:00:36 - 保存: shorts_noisy\2023-01-06_14-52-12_PART0003.wav (长度: 7.52秒)
2025-07-16 02:00:36 - 保存: shorts_noisy\2023-01-06_14-52-12_PART0004.wav (长度: 16.74秒)
2025-07-16 02:00:36 - 保存: shorts_noisy\2023-01-06_14-52-12_PART0005.wav (长度: 6.09秒)
2025-07-16 02:00:36 - 保存: shorts_noisy\2023-01-06_14-52-12_PART0006.wav (长度: 8.36秒)
2025-07-16 02:00:36 - 保存: shorts_noisy\2023-01-06_14-52-12_PART0007.wav (长度: 9.69秒)
2025-07-16 02:00:36 - 保存: shorts_noisy\2023-01-06_14-52-12_PART0008.wav (长度: 7.84秒)
2025-07-16 02:00:36 - 保存: shorts_noisy\2023-01-06_14-52-12_PART0009.wav (长度: 6.68秒)
2025-07-16 02:00:36 - 保存: shorts_noisy\2023-01-06_14-52-12_PART0010.wav (长度: 7.08秒)
2025-07-16 02:00:36 - 保存: shorts_noisy\2023-01-06_14-52-12_PART0011.wav (长度: 24.46秒)
2025-07-16 02:00:36 - --------------------------------------------------
2025-07-16 02:00:36 - 进度: 6/41
2025-07-16 02:00:36 - 使用特殊配置: thresh=-40, min_silence=300, force=True
2025-07-16 02:00:36 - 处理文件: balanced\2023-01-23_14-52-25.wav
2025-07-16 02:00:36 - 音频时长: 77.56秒
2025-07-16 02:00:36 - 保存: shorts_noisy\2023-01-23_14-52-25_PART0000.wav (长度: 6.47秒)
2025-07-16 02:00:36 - 保存: shorts_noisy\2023-01-23_14-52-25_PART0001.wav (长度: 7.49秒)
2025-07-16 02:00:36 - 保存: shorts_noisy\2023-01-23_14-52-25_PART0002.wav (长度: 6.11秒)
2025-07-16 02:00:36 - 保存: shorts_noisy\2023-01-23_14-52-25_PART0003.wav (长度: 6.26秒)
2025-07-16 02:00:36 - 保存: shorts_noisy\2023-01-23_14-52-25_PART0004.wav (长度: 6.82秒)
2025-07-16 02:00:36 - 保存: shorts_noisy\2023-01-23_14-52-25_PART0005.wav (长度: 7.73秒)
2025-07-16 02:00:36 - 保存: shorts_noisy\2023-01-23_14-52-25_PART0006.wav (长度: 7.54秒)
2025-07-16 02:00:36 - 保存: shorts_noisy\2023-01-23_14-52-25_PART0007.wav (长度: 8.98秒)
2025-07-16 02:00:36 - 保存: shorts_noisy\2023-01-23_14-52-25_PART0008.wav (长度: 7.56秒)
2025-07-16 02:00:36 - 保存: shorts_noisy\2023-01-23_14-52-25_PART0009.wav (长度: 6.60秒)
2025-07-16 02:00:36 - --------------------------------------------------
2025-07-16 02:00:36 - 进度: 7/41
2025-07-16 02:00:36 - 使用特殊配置: thresh=-40, min_silence=300, force=True
2025-07-16 02:00:36 - 处理文件: balanced\2023-01-29_06-57-10.wav
2025-07-16 02:00:36 - 音频时长: 138.32秒
2025-07-16 02:00:37 - 保存: shorts_noisy\2023-01-29_06-57-10_PART0000.wav (长度: 6.09秒)
2025-07-16 02:00:37 - 保存: shorts_noisy\2023-01-29_06-57-10_PART0001.wav (长度: 6.12秒)
2025-07-16 02:00:37 - 保存: shorts_noisy\2023-01-29_06-57-10_PART0002.wav (长度: 7.64秒)
2025-07-16 02:00:37 - 保存: shorts_noisy\2023-01-29_06-57-10_PART0003.wav (长度: 7.61秒)
2025-07-16 02:00:37 - 保存: shorts_noisy\2023-01-29_06-57-10_PART0004.wav (长度: 8.29秒)
2025-07-16 02:00:37 - 保存: shorts_noisy\2023-01-29_06-57-10_PART0005.wav (长度: 6.22秒)
2025-07-16 02:00:37 - 保存: shorts_noisy\2023-01-29_06-57-10_PART0006.wav (长度: 7.11秒)
2025-07-16 02:00:37 - 保存: shorts_noisy\2023-01-29_06-57-10_PART0007.wav (长度: 7.09秒)
2025-07-16 02:00:37 - 保存: shorts_noisy\2023-01-29_06-57-10_PART0008.wav (长度: 6.39秒)
2025-07-16 02:00:37 - 保存: shorts_noisy\2023-01-29_06-57-10_PART0009.wav (长度: 6.75秒)
2025-07-16 02:00:37 - 保存: shorts_noisy\2023-01-29_06-57-10_PART0010.wav (长度: 7.79秒)
2025-07-16 02:00:37 - 保存: shorts_noisy\2023-01-29_06-57-10_PART0011.wav (长度: 6.80秒)
2025-07-16 02:00:37 - 保存: shorts_noisy\2023-01-29_06-57-10_PART0012.wav (长度: 6.51秒)
2025-07-16 02:00:37 - 保存: shorts_noisy\2023-01-29_06-57-10_PART0013.wav (长度: 8.20秒)
2025-07-16 02:00:37 - 保存: shorts_noisy\2023-01-29_06-57-10_PART0014.wav (长度: 9.40秒)
2025-07-16 02:00:37 - 保存: shorts_noisy\2023-01-29_06-57-10_PART0015.wav (长度: 7.95秒)
2025-07-16 02:00:37 - 保存: shorts_noisy\2023-01-29_06-57-10_PART0016.wav (长度: 6.29秒)
2025-07-16 02:00:37 - 保存: shorts_noisy\2023-01-29_06-57-10_PART0017.wav (长度: 6.35秒)
2025-07-16 02:00:37 - --------------------------------------------------
2025-07-16 02:00:37 - 进度: 8/41
2025-07-16 02:00:37 - 使用特殊配置: thresh=-40, min_silence=300, force=True
2025-07-16 02:00:37 - 处理文件: balanced\2023-02-03_11-40-33.wav
2025-07-16 02:00:37 - 音频时长: 64.46秒
2025-07-16 02:00:38 - 保存: shorts_noisy\2023-02-03_11-40-33_PART0000.wav (长度: 20.61秒)
2025-07-16 02:00:38 - 保存: shorts_noisy\2023-02-03_11-40-33_PART0001.wav (长度: 7.57秒)
2025-07-16 02:00:38 - 保存: shorts_noisy\2023-02-03_11-40-33_PART0002.wav (长度: 15.49秒)
2025-07-16 02:00:38 - 保存: shorts_noisy\2023-02-03_11-40-33_PART0003.wav (长度: 7.04秒)
2025-07-16 02:00:38 - 保存: shorts_noisy\2023-02-03_11-40-33_PART0004.wav (长度: 10.21秒)
2025-07-16 02:00:38 - --------------------------------------------------
2025-07-16 02:00:38 - 进度: 9/41
2025-07-16 02:00:38 - 使用特殊配置: thresh=-40, min_silence=300, force=True
2025-07-16 02:00:38 - 处理文件: balanced\2023-02-06_08-05-49.wav
2025-07-16 02:00:38 - 音频时长: 86.26秒
2025-07-16 02:00:38 - 保存: shorts_noisy\2023-02-06_08-05-49_PART0000.wav (长度: 11.76秒)
2025-07-16 02:00:38 - 保存: shorts_noisy\2023-02-06_08-05-49_PART0001.wav (长度: 6.94秒)
2025-07-16 02:00:38 - 保存: shorts_noisy\2023-02-06_08-05-49_PART0002.wav (长度: 10.29秒)
2025-07-16 02:00:38 - 保存: shorts_noisy\2023-02-06_08-05-49_PART0003.wav (长度: 26.80秒)
2025-07-16 02:00:38 - 保存: shorts_noisy\2023-02-06_08-05-49_PART0004.wav (长度: 6.93秒)
2025-07-16 02:00:38 - 保存: shorts_noisy\2023-02-06_08-05-49_PART0005.wav (长度: 7.30秒)
2025-07-16 02:00:38 - 保存: shorts_noisy\2023-02-06_08-05-49_PART0006.wav (长度: 13.13秒)
2025-07-16 02:00:38 - --------------------------------------------------
2025-07-16 02:00:38 - 进度: 10/41
2025-07-16 02:00:38 - 使用特殊配置: thresh=-40, min_silence=300, force=True
2025-07-16 02:00:38 - 处理文件: balanced\2023-02-08_16-50-26.wav
2025-07-16 02:00:38 - 音频时长: 124.95秒
2025-07-16 02:00:39 - 保存: shorts_noisy\2023-02-08_16-50-26_PART0000.wav (长度: 20.74秒)
2025-07-16 02:00:39 - 保存: shorts_noisy\2023-02-08_16-50-26_PART0001.wav (长度: 39.68秒)
2025-07-16 02:00:39 - 保存: shorts_noisy\2023-02-08_16-50-26_PART0002.wav (长度: 9.26秒)
2025-07-16 02:00:39 - 保存: shorts_noisy\2023-02-08_16-50-26_PART0003.wav (长度: 9.73秒)
2025-07-16 02:00:39 - 保存: shorts_noisy\2023-02-08_16-50-26_PART0004.wav (长度: 8.07秒)
2025-07-16 02:00:39 - 保存: shorts_noisy\2023-02-08_16-50-26_PART0005.wav (长度: 9.98秒)
2025-07-16 02:00:39 - 保存: shorts_noisy\2023-02-08_16-50-26_PART0006.wav (长度: 10.93秒)
2025-07-16 02:00:39 - 保存: shorts_noisy\2023-02-08_16-50-26_PART0007.wav (长度: 13.44秒)
2025-07-16 02:00:39 - --------------------------------------------------
2025-07-16 02:00:39 - 进度: 11/41
2025-07-16 02:00:39 - 使用特殊配置: thresh=-40, min_silence=300, force=True
2025-07-16 02:00:39 - 处理文件: balanced\2023-02-13_10-55-10.wav
2025-07-16 02:00:39 - 音频时长: 65.18秒
2025-07-16 02:00:40 - 保存: shorts_noisy\2023-02-13_10-55-10_PART0000.wav (长度: 22.41秒)
2025-07-16 02:00:40 - 保存: shorts_noisy\2023-02-13_10-55-10_PART0001.wav (长度: 17.17秒)
2025-07-16 02:00:40 - 保存: shorts_noisy\2023-02-13_10-55-10_PART0002.wav (长度: 6.04秒)
2025-07-16 02:00:40 - 保存: shorts_noisy\2023-02-13_10-55-10_PART0003.wav (长度: 7.66秒)
2025-07-16 02:00:40 - 保存: shorts_noisy\2023-02-13_10-55-10_PART0004.wav (长度: 8.98秒)
2025-07-16 02:00:40 - --------------------------------------------------
2025-07-16 02:00:40 - 进度: 12/41
2025-07-16 02:00:40 - 使用特殊配置: thresh=-40, min_silence=300, force=True
2025-07-16 02:00:40 - 处理文件: balanced\2023-02-25_09-47-56.wav
2025-07-16 02:00:40 - 音频时长: 97.29秒
2025-07-16 02:00:41 - 保存: shorts_noisy\2023-02-25_09-47-56_PART0000.wav (长度: 20.18秒)
2025-07-16 02:00:41 - 保存: shorts_noisy\2023-02-25_09-47-56_PART0001.wav (长度: 13.80秒)
2025-07-16 02:00:41 - 保存: shorts_noisy\2023-02-25_09-47-56_PART0002.wav (长度: 9.65秒)
2025-07-16 02:00:41 - 保存: shorts_noisy\2023-02-25_09-47-56_PART0003.wav (长度: 6.42秒)
2025-07-16 02:00:41 - 保存: shorts_noisy\2023-02-25_09-47-56_PART0004.wav (长度: 8.36秒)
2025-07-16 02:00:41 - 保存: shorts_noisy\2023-02-25_09-47-56_PART0005.wav (长度: 6.48秒)
2025-07-16 02:00:41 - 保存: shorts_noisy\2023-02-25_09-47-56_PART0006.wav (长度: 8.56秒)
2025-07-16 02:00:41 - 保存: shorts_noisy\2023-02-25_09-47-56_PART0007.wav (长度: 12.34秒)
2025-07-16 02:00:41 - 保存: shorts_noisy\2023-02-25_09-47-56_PART0008.wav (长度: 7.35秒)
2025-07-16 02:00:41 - --------------------------------------------------
2025-07-16 02:00:41 - 进度: 13/41
2025-07-16 02:00:41 - 使用特殊配置: thresh=-40, min_silence=300, force=True
2025-07-16 02:00:41 - 处理文件: balanced\2023-03-07_08-38-42.wav
2025-07-16 02:00:41 - 音频时长: 60.02秒
2025-07-16 02:00:41 - 保存: shorts_noisy\2023-03-07_08-38-42_PART0000.wav (长度: 7.37秒)
2025-07-16 02:00:41 - 保存: shorts_noisy\2023-03-07_08-38-42_PART0001.wav (长度: 24.95秒)
2025-07-16 02:00:41 - 保存: shorts_noisy\2023-03-07_08-38-42_PART0002.wav (长度: 10.54秒)
2025-07-16 02:00:41 - 保存: shorts_noisy\2023-03-07_08-38-42_PART0003.wav (长度: 7.84秒)
2025-07-16 02:00:41 - 保存: shorts_noisy\2023-03-07_08-38-42_PART0004.wav (长度: 7.70秒)
2025-07-16 02:00:41 - --------------------------------------------------
2025-07-16 02:00:41 - 进度: 14/41
2025-07-16 02:00:41 - 使用特殊配置: thresh=-40, min_silence=300, force=True
2025-07-16 02:00:41 - 处理文件: balanced\2023-03-15_17-23-47.wav
2025-07-16 02:00:41 - 音频时长: 178.59秒
2025-07-16 02:00:42 - 保存: shorts_noisy\2023-03-15_17-23-47_PART0000.wav (长度: 50.55秒)
2025-07-16 02:00:42 - 保存: shorts_noisy\2023-03-15_17-23-47_PART0001.wav (长度: 51.70秒)
2025-07-16 02:00:42 - 保存: shorts_noisy\2023-03-15_17-23-47_PART0002.wav (长度: 6.14秒)
2025-07-16 02:00:42 - 保存: shorts_noisy\2023-03-15_17-23-47_PART0003.wav (长度: 8.48秒)
2025-07-16 02:00:42 - 保存: shorts_noisy\2023-03-15_17-23-47_PART0004.wav (长度: 6.99秒)
2025-07-16 02:00:42 - 保存: shorts_noisy\2023-03-15_17-23-47_PART0005.wav (长度: 6.30秒)
2025-07-16 02:00:42 - 保存: shorts_noisy\2023-03-15_17-23-47_PART0006.wav (长度: 8.15秒)
2025-07-16 02:00:42 - 保存: shorts_noisy\2023-03-15_17-23-47_PART0007.wav (长度: 7.32秒)
2025-07-16 02:00:42 - 保存: shorts_noisy\2023-03-15_17-23-47_PART0008.wav (长度: 6.16秒)
2025-07-16 02:00:42 - 保存: shorts_noisy\2023-03-15_17-23-47_PART0009.wav (长度: 6.89秒)
2025-07-16 02:00:42 - 保存: shorts_noisy\2023-03-15_17-23-47_PART0010.wav (长度: 6.29秒)
2025-07-16 02:00:42 - 保存: shorts_noisy\2023-03-15_17-23-47_PART0011.wav (长度: 7.04秒)
2025-07-16 02:00:42 - --------------------------------------------------
2025-07-16 02:00:42 - 进度: 15/41
2025-07-16 02:00:42 - 使用特殊配置: thresh=-40, min_silence=300, force=True
2025-07-16 02:00:42 - 处理文件: balanced\2023-03-17_17-00-48.wav
2025-07-16 02:00:42 - 音频时长: 82.76秒
2025-07-16 02:00:43 - 保存: shorts_noisy\2023-03-17_17-00-48_PART0000.wav (长度: 18.48秒)
2025-07-16 02:00:43 - 保存: shorts_noisy\2023-03-17_17-00-48_PART0001.wav (长度: 8.30秒)
2025-07-16 02:00:43 - 保存: shorts_noisy\2023-03-17_17-00-48_PART0002.wav (长度: 6.03秒)
2025-07-16 02:00:43 - 保存: shorts_noisy\2023-03-17_17-00-48_PART0003.wav (长度: 23.88秒)
2025-07-16 02:00:43 - 保存: shorts_noisy\2023-03-17_17-00-48_PART0004.wav (长度: 7.34秒)
2025-07-16 02:00:43 - 保存: shorts_noisy\2023-03-17_17-00-48_PART0005.wav (长度: 7.73秒)
2025-07-16 02:00:43 - 保存: shorts_noisy\2023-03-17_17-00-48_PART0006.wav (长度: 8.82秒)
2025-07-16 02:00:43 - --------------------------------------------------
2025-07-16 02:00:43 - 进度: 16/41
2025-07-16 02:00:43 - 使用特殊配置: thresh=-40, min_silence=300, force=True
2025-07-16 02:00:43 - 处理文件: balanced\2023-03-26_16-42-09.wav
2025-07-16 02:00:43 - 音频时长: 139.13秒
2025-07-16 02:00:44 - 保存: shorts_noisy\2023-03-26_16-42-09_PART0000.wav (长度: 13.36秒)
2025-07-16 02:00:44 - 保存: shorts_noisy\2023-03-26_16-42-09_PART0001.wav (长度: 9.38秒)
2025-07-16 02:00:44 - 保存: shorts_noisy\2023-03-26_16-42-09_PART0002.wav (长度: 17.76秒)
2025-07-16 02:00:44 - 保存: shorts_noisy\2023-03-26_16-42-09_PART0003.wav (长度: 17.23秒)
2025-07-16 02:00:44 - 保存: shorts_noisy\2023-03-26_16-42-09_PART0004.wav (长度: 7.44秒)
2025-07-16 02:00:44 - 保存: shorts_noisy\2023-03-26_16-42-09_PART0005.wav (长度: 8.33秒)
2025-07-16 02:00:44 - 保存: shorts_noisy\2023-03-26_16-42-09_PART0006.wav (长度: 9.73秒)
2025-07-16 02:00:44 - 保存: shorts_noisy\2023-03-26_16-42-09_PART0007.wav (长度: 7.63秒)
2025-07-16 02:00:44 - 保存: shorts_noisy\2023-03-26_16-42-09_PART0008.wav (长度: 8.21秒)
2025-07-16 02:00:44 - 保存: shorts_noisy\2023-03-26_16-42-09_PART0009.wav (长度: 7.66秒)
2025-07-16 02:00:44 - 保存: shorts_noisy\2023-03-26_16-42-09_PART0010.wav (长度: 6.26秒)
2025-07-16 02:00:44 - 保存: shorts_noisy\2023-03-26_16-42-09_PART0011.wav (长度: 7.70秒)
2025-07-16 02:00:44 - 保存: shorts_noisy\2023-03-26_16-42-09_PART0012.wav (长度: 10.52秒)
2025-07-16 02:00:44 - --------------------------------------------------
2025-07-16 02:00:44 - 进度: 17/41
2025-07-16 02:00:44 - 使用特殊配置: thresh=-40, min_silence=300, force=True
2025-07-16 02:00:44 - 处理文件: balanced\2023-04-14_15-22-13.wav
2025-07-16 02:00:44 - 音频时长: 60.70秒
2025-07-16 02:00:44 - 保存: shorts_noisy\2023-04-14_15-22-13_PART0000.wav (长度: 20.78秒)
2025-07-16 02:00:44 - 保存: shorts_noisy\2023-04-14_15-22-13_PART0001.wav (长度: 6.89秒)
2025-07-16 02:00:44 - 保存: shorts_noisy\2023-04-14_15-22-13_PART0002.wav (长度: 6.25秒)
2025-07-16 02:00:44 - 保存: shorts_noisy\2023-04-14_15-22-13_PART0003.wav (长度: 6.05秒)
2025-07-16 02:00:44 - 保存: shorts_noisy\2023-04-14_15-22-13_PART0004.wav (长度: 10.25秒)
2025-07-16 02:00:44 - 保存: shorts_noisy\2023-04-14_15-22-13_PART0005.wav (长度: 7.37秒)
2025-07-16 02:00:44 - --------------------------------------------------
2025-07-16 02:00:44 - 进度: 18/41
2025-07-16 02:00:44 - 使用特殊配置: thresh=-40, min_silence=300, force=True
2025-07-16 02:00:44 - 处理文件: balanced\2023-04-22_10-58-56.wav
2025-07-16 02:00:44 - 音频时长: 126.90秒
2025-07-16 02:00:45 - 分割后的段长度不符合要求: balanced\2023-04-22_10-58-56.wav, 段0, 长度82.39秒
2025-07-16 02:00:45 - --------------------------------------------------
2025-07-16 02:00:45 - 进度: 19/41
2025-07-16 02:00:45 - 使用特殊配置: thresh=-40, min_silence=300, force=True
2025-07-16 02:00:45 - 处理文件: balanced\2023-04-23_11-07-44.wav
2025-07-16 02:00:45 - 音频时长: 90.91秒
2025-07-16 02:00:46 - 分割后的段长度不符合要求: balanced\2023-04-23_11-07-44.wav, 段0, 长度60.25秒
2025-07-16 02:00:46 - --------------------------------------------------
2025-07-16 02:00:46 - 进度: 20/41
2025-07-16 02:00:46 - 使用特殊配置: thresh=-40, min_silence=300, force=True
2025-07-16 02:00:46 - 处理文件: balanced\2023-05-08_10-36-18.wav
2025-07-16 02:00:46 - 音频时长: 137.49秒
2025-07-16 02:00:47 - 保存: shorts_noisy\2023-05-08_10-36-18_PART0000.wav (长度: 6.37秒)
2025-07-16 02:00:47 - 保存: shorts_noisy\2023-05-08_10-36-18_PART0001.wav (长度: 7.01秒)
2025-07-16 02:00:47 - 保存: shorts_noisy\2023-05-08_10-36-18_PART0002.wav (长度: 7.86秒)
2025-07-16 02:00:47 - 保存: shorts_noisy\2023-05-08_10-36-18_PART0003.wav (长度: 10.27秒)
2025-07-16 02:00:47 - 保存: shorts_noisy\2023-05-08_10-36-18_PART0004.wav (长度: 8.29秒)
2025-07-16 02:00:47 - 保存: shorts_noisy\2023-05-08_10-36-18_PART0005.wav (长度: 9.44秒)
2025-07-16 02:00:47 - 保存: shorts_noisy\2023-05-08_10-36-18_PART0006.wav (长度: 8.03秒)
2025-07-16 02:00:47 - 保存: shorts_noisy\2023-05-08_10-36-18_PART0007.wav (长度: 10.98秒)
2025-07-16 02:00:47 - 保存: shorts_noisy\2023-05-08_10-36-18_PART0008.wav (长度: 6.21秒)
2025-07-16 02:00:47 - 保存: shorts_noisy\2023-05-08_10-36-18_PART0009.wav (长度: 7.72秒)
2025-07-16 02:00:47 - 保存: shorts_noisy\2023-05-08_10-36-18_PART0010.wav (长度: 7.06秒)
2025-07-16 02:00:47 - 保存: shorts_noisy\2023-05-08_10-36-18_PART0011.wav (长度: 17.71秒)
2025-07-16 02:00:47 - 保存: shorts_noisy\2023-05-08_10-36-18_PART0012.wav (长度: 6.54秒)
2025-07-16 02:00:47 - 保存: shorts_noisy\2023-05-08_10-36-18_PART0013.wav (长度: 6.26秒)
2025-07-16 02:00:47 - 保存: shorts_noisy\2023-05-08_10-36-18_PART0014.wav (长度: 11.02秒)
2025-07-16 02:00:47 - --------------------------------------------------
2025-07-16 02:00:47 - 进度: 21/41
2025-07-16 02:00:47 - 使用特殊配置: thresh=-40, min_silence=300, force=True
2025-07-16 02:00:47 - 处理文件: balanced\2023-05-09_10-27-33.wav
2025-07-16 02:00:47 - 音频时长: 75.91秒
2025-07-16 02:00:47 - 保存: shorts_noisy\2023-05-09_10-27-33_PART0000.wav (长度: 6.74秒)
2025-07-16 02:00:47 - 保存: shorts_noisy\2023-05-09_10-27-33_PART0001.wav (长度: 6.39秒)
2025-07-16 02:00:47 - 保存: shorts_noisy\2023-05-09_10-27-33_PART0002.wav (长度: 12.22秒)
2025-07-16 02:00:47 - 保存: shorts_noisy\2023-05-09_10-27-33_PART0003.wav (长度: 6.36秒)
2025-07-16 02:00:47 - 保存: shorts_noisy\2023-05-09_10-27-33_PART0004.wav (长度: 7.35秒)
2025-07-16 02:00:47 - 保存: shorts_noisy\2023-05-09_10-27-33_PART0005.wav (长度: 6.47秒)
2025-07-16 02:00:47 - 保存: shorts_noisy\2023-05-09_10-27-33_PART0006.wav (长度: 7.40秒)
2025-07-16 02:00:47 - 保存: shorts_noisy\2023-05-09_10-27-33_PART0007.wav (长度: 9.02秒)
2025-07-16 02:00:47 - 保存: shorts_noisy\2023-05-09_10-27-33_PART0008.wav (长度: 9.88秒)
2025-07-16 02:00:47 - --------------------------------------------------
2025-07-16 02:00:47 - 进度: 22/41
2025-07-16 02:00:47 - 使用特殊配置: thresh=-40, min_silence=300, force=True
2025-07-16 02:00:47 - 处理文件: balanced\2023-05-10_08-38-35.wav
2025-07-16 02:00:47 - 音频时长: 61.02秒
2025-07-16 02:00:48 - 保存: shorts_noisy\2023-05-10_08-38-35_PART0000.wav (长度: 7.01秒)
2025-07-16 02:00:48 - 保存: shorts_noisy\2023-05-10_08-38-35_PART0001.wav (长度: 7.95秒)
2025-07-16 02:00:48 - 保存: shorts_noisy\2023-05-10_08-38-35_PART0002.wav (长度: 6.62秒)
2025-07-16 02:00:48 - 保存: shorts_noisy\2023-05-10_08-38-35_PART0003.wav (长度: 8.08秒)
2025-07-16 02:00:48 - 保存: shorts_noisy\2023-05-10_08-38-35_PART0004.wav (长度: 6.41秒)
2025-07-16 02:00:48 - 保存: shorts_noisy\2023-05-10_08-38-35_PART0005.wav (长度: 7.39秒)
2025-07-16 02:00:48 - 保存: shorts_noisy\2023-05-10_08-38-35_PART0006.wav (长度: 13.45秒)
2025-07-16 02:00:48 - --------------------------------------------------
2025-07-16 02:00:48 - 进度: 23/41
2025-07-16 02:00:48 - 使用特殊配置: thresh=-40, min_silence=300, force=True
2025-07-16 02:00:48 - 处理文件: balanced\2023-05-11_10-02-16.wav
2025-07-16 02:00:48 - 音频时长: 63.97秒
2025-07-16 02:00:48 - 保存: shorts_noisy\2023-05-11_10-02-16_PART0000.wav (长度: 20.19秒)
2025-07-16 02:00:48 - 保存: shorts_noisy\2023-05-11_10-02-16_PART0001.wav (长度: 6.31秒)
2025-07-16 02:00:48 - 保存: shorts_noisy\2023-05-11_10-02-16_PART0002.wav (长度: 7.47秒)
2025-07-16 02:00:48 - 保存: shorts_noisy\2023-05-11_10-02-16_PART0003.wav (长度: 12.69秒)
2025-07-16 02:00:48 - 保存: shorts_noisy\2023-05-11_10-02-16_PART0004.wav (长度: 13.97秒)
2025-07-16 02:00:48 - --------------------------------------------------
2025-07-16 02:00:48 - 进度: 24/41
2025-07-16 02:00:48 - 使用特殊配置: thresh=-40, min_silence=300, force=True
2025-07-16 02:00:48 - 处理文件: balanced\2023-06-21_11-12-32.wav
2025-07-16 02:00:48 - 音频时长: 64.60秒
2025-07-16 02:00:49 - 保存: shorts_noisy\2023-06-21_11-12-32_PART0000.wav (长度: 7.59秒)
2025-07-16 02:00:49 - 保存: shorts_noisy\2023-06-21_11-12-32_PART0001.wav (长度: 9.76秒)
2025-07-16 02:00:49 - 保存: shorts_noisy\2023-06-21_11-12-32_PART0002.wav (长度: 6.63秒)
2025-07-16 02:00:49 - 保存: shorts_noisy\2023-06-21_11-12-32_PART0003.wav (长度: 7.65秒)
2025-07-16 02:00:49 - 保存: shorts_noisy\2023-06-21_11-12-32_PART0004.wav (长度: 8.73秒)
2025-07-16 02:00:49 - 保存: shorts_noisy\2023-06-21_11-12-32_PART0005.wav (长度: 7.91秒)
2025-07-16 02:00:49 - 保存: shorts_noisy\2023-06-21_11-12-32_PART0006.wav (长度: 12.83秒)
2025-07-16 02:00:49 - --------------------------------------------------
2025-07-16 02:00:49 - 进度: 25/41
2025-07-16 02:00:49 - 使用特殊配置: thresh=-40, min_silence=300, force=True
2025-07-16 02:00:49 - 处理文件: balanced\2023-07-01_17-10-00.wav
2025-07-16 02:00:49 - 音频时长: 84.96秒
2025-07-16 02:00:49 - 保存: shorts_noisy\2023-07-01_17-10-00_PART0000.wav (长度: 6.54秒)
2025-07-16 02:00:49 - 保存: shorts_noisy\2023-07-01_17-10-00_PART0001.wav (长度: 6.83秒)
2025-07-16 02:00:49 - 保存: shorts_noisy\2023-07-01_17-10-00_PART0002.wav (长度: 6.29秒)
2025-07-16 02:00:49 - 保存: shorts_noisy\2023-07-01_17-10-00_PART0003.wav (长度: 8.14秒)
2025-07-16 02:00:49 - 保存: shorts_noisy\2023-07-01_17-10-00_PART0004.wav (长度: 6.84秒)
2025-07-16 02:00:49 - 保存: shorts_noisy\2023-07-01_17-10-00_PART0005.wav (长度: 10.24秒)
2025-07-16 02:00:49 - 保存: shorts_noisy\2023-07-01_17-10-00_PART0006.wav (长度: 6.47秒)
2025-07-16 02:00:49 - 保存: shorts_noisy\2023-07-01_17-10-00_PART0007.wav (长度: 6.43秒)
2025-07-16 02:00:49 - 保存: shorts_noisy\2023-07-01_17-10-00_PART0008.wav (长度: 6.61秒)
2025-07-16 02:00:49 - 保存: shorts_noisy\2023-07-01_17-10-00_PART0009.wav (长度: 6.85秒)
2025-07-16 02:00:49 - 保存: shorts_noisy\2023-07-01_17-10-00_PART0010.wav (长度: 8.78秒)
2025-07-16 02:00:49 - --------------------------------------------------
2025-07-16 02:00:49 - 进度: 26/41
2025-07-16 02:00:49 - 使用特殊配置: thresh=-40, min_silence=300, force=True
2025-07-16 02:00:49 - 处理文件: balanced\2023-07-19_17-31-32.wav
2025-07-16 02:00:49 - 音频时长: 88.68秒
2025-07-16 02:00:50 - 保存: shorts_noisy\2023-07-19_17-31-32_PART0000.wav (长度: 6.95秒)
2025-07-16 02:00:50 - 保存: shorts_noisy\2023-07-19_17-31-32_PART0001.wav (长度: 6.71秒)
2025-07-16 02:00:50 - 保存: shorts_noisy\2023-07-19_17-31-32_PART0002.wav (长度: 8.05秒)
2025-07-16 02:00:50 - 保存: shorts_noisy\2023-07-19_17-31-32_PART0003.wav (长度: 7.74秒)
2025-07-16 02:00:50 - 保存: shorts_noisy\2023-07-19_17-31-32_PART0004.wav (长度: 7.12秒)
2025-07-16 02:00:50 - 保存: shorts_noisy\2023-07-19_17-31-32_PART0005.wav (长度: 9.02秒)
2025-07-16 02:00:50 - 保存: shorts_noisy\2023-07-19_17-31-32_PART0006.wav (长度: 6.89秒)
2025-07-16 02:00:50 - 保存: shorts_noisy\2023-07-19_17-31-32_PART0007.wav (长度: 13.09秒)
2025-07-16 02:00:50 - 保存: shorts_noisy\2023-07-19_17-31-32_PART0008.wav (长度: 6.69秒)
2025-07-16 02:00:50 - 保存: shorts_noisy\2023-07-19_17-31-32_PART0009.wav (长度: 11.50秒)
2025-07-16 02:00:50 - --------------------------------------------------
2025-07-16 02:00:50 - 进度: 27/41
2025-07-16 02:00:50 - 使用特殊配置: thresh=-40, min_silence=300, force=True
2025-07-16 02:00:50 - 处理文件: balanced\2023-07-26_17-55-19.wav
2025-07-16 02:00:50 - 音频时长: 85.17秒
2025-07-16 02:00:51 - 保存: shorts_noisy\2023-07-26_17-55-19_PART0000.wav (长度: 7.46秒)
2025-07-16 02:00:51 - 保存: shorts_noisy\2023-07-26_17-55-19_PART0001.wav (长度: 6.09秒)
2025-07-16 02:00:51 - 保存: shorts_noisy\2023-07-26_17-55-19_PART0002.wav (长度: 6.32秒)
2025-07-16 02:00:51 - 保存: shorts_noisy\2023-07-26_17-55-19_PART0003.wav (长度: 6.07秒)
2025-07-16 02:00:51 - 保存: shorts_noisy\2023-07-26_17-55-19_PART0004.wav (长度: 6.28秒)
2025-07-16 02:00:51 - 保存: shorts_noisy\2023-07-26_17-55-19_PART0005.wav (长度: 7.70秒)
2025-07-16 02:00:51 - 保存: shorts_noisy\2023-07-26_17-55-19_PART0006.wav (长度: 7.66秒)
2025-07-16 02:00:51 - 保存: shorts_noisy\2023-07-26_17-55-19_PART0007.wav (长度: 6.31秒)
2025-07-16 02:00:51 - 保存: shorts_noisy\2023-07-26_17-55-19_PART0008.wav (长度: 7.24秒)
2025-07-16 02:00:51 - 保存: shorts_noisy\2023-07-26_17-55-19_PART0009.wav (长度: 8.02秒)
2025-07-16 02:00:51 - 保存: shorts_noisy\2023-07-26_17-55-19_PART0010.wav (长度: 10.22秒)
2025-07-16 02:00:51 - --------------------------------------------------
2025-07-16 02:00:51 - 进度: 28/41
2025-07-16 02:00:51 - 使用特殊配置: thresh=-40, min_silence=300, force=True
2025-07-16 02:00:51 - 处理文件: balanced\2023-08-04_16-26-48.wav
2025-07-16 02:00:51 - 音频时长: 60.02秒
2025-07-16 02:00:51 - 保存: shorts_noisy\2023-08-04_16-26-48_PART0000.wav (长度: 15.58秒)
2025-07-16 02:00:51 - 保存: shorts_noisy\2023-08-04_16-26-48_PART0001.wav (长度: 43.35秒)
2025-07-16 02:00:51 - --------------------------------------------------
2025-07-16 02:00:51 - 进度: 29/41
2025-07-16 02:00:51 - 使用特殊配置: thresh=-40, min_silence=300, force=True
2025-07-16 02:00:51 - 处理文件: balanced\2023-08-14_10-49-19.wav
2025-07-16 02:00:51 - 音频时长: 174.36秒
2025-07-16 02:00:52 - 保存: shorts_noisy\2023-08-14_10-49-19_PART0000.wav (长度: 7.91秒)
2025-07-16 02:00:52 - 保存: shorts_noisy\2023-08-14_10-49-19_PART0001.wav (长度: 9.42秒)
2025-07-16 02:00:52 - 保存: shorts_noisy\2023-08-14_10-49-19_PART0002.wav (长度: 6.43秒)
2025-07-16 02:00:52 - 保存: shorts_noisy\2023-08-14_10-49-19_PART0003.wav (长度: 9.02秒)
2025-07-16 02:00:52 - 保存: shorts_noisy\2023-08-14_10-49-19_PART0004.wav (长度: 6.78秒)
2025-07-16 02:00:52 - 保存: shorts_noisy\2023-08-14_10-49-19_PART0005.wav (长度: 6.20秒)
2025-07-16 02:00:52 - 保存: shorts_noisy\2023-08-14_10-49-19_PART0006.wav (长度: 6.18秒)
2025-07-16 02:00:52 - 保存: shorts_noisy\2023-08-14_10-49-19_PART0007.wav (长度: 6.56秒)
2025-07-16 02:00:52 - 保存: shorts_noisy\2023-08-14_10-49-19_PART0008.wav (长度: 6.25秒)
2025-07-16 02:00:52 - 保存: shorts_noisy\2023-08-14_10-49-19_PART0009.wav (长度: 19.48秒)
2025-07-16 02:00:52 - 保存: shorts_noisy\2023-08-14_10-49-19_PART0010.wav (长度: 6.75秒)
2025-07-16 02:00:52 - 保存: shorts_noisy\2023-08-14_10-49-19_PART0011.wav (长度: 6.09秒)
2025-07-16 02:00:52 - 保存: shorts_noisy\2023-08-14_10-49-19_PART0012.wav (长度: 13.55秒)
2025-07-16 02:00:52 - 保存: shorts_noisy\2023-08-14_10-49-19_PART0013.wav (长度: 37.24秒)
2025-07-16 02:00:52 - 保存: shorts_noisy\2023-08-14_10-49-19_PART0014.wav (长度: 7.39秒)
2025-07-16 02:00:52 - 保存: shorts_noisy\2023-08-14_10-49-19_PART0015.wav (长度: 7.19秒)
2025-07-16 02:00:52 - --------------------------------------------------
2025-07-16 02:00:52 - 进度: 30/41
2025-07-16 02:00:52 - 使用特殊配置: thresh=-40, min_silence=300, force=True
2025-07-16 02:00:52 - 处理文件: balanced\2023-10-19_10-43-20.wav
2025-07-16 02:00:52 - 音频时长: 112.66秒
2025-07-16 02:00:53 - 保存: shorts_noisy\2023-10-19_10-43-20_PART0000.wav (长度: 7.99秒)
2025-07-16 02:00:53 - 保存: shorts_noisy\2023-10-19_10-43-20_PART0001.wav (长度: 6.53秒)
2025-07-16 02:00:53 - 保存: shorts_noisy\2023-10-19_10-43-20_PART0002.wav (长度: 6.20秒)
2025-07-16 02:00:53 - 保存: shorts_noisy\2023-10-19_10-43-20_PART0003.wav (长度: 7.94秒)
2025-07-16 02:00:53 - 保存: shorts_noisy\2023-10-19_10-43-20_PART0004.wav (长度: 6.89秒)
2025-07-16 02:00:53 - 保存: shorts_noisy\2023-10-19_10-43-20_PART0005.wav (长度: 6.47秒)
2025-07-16 02:00:53 - 保存: shorts_noisy\2023-10-19_10-43-20_PART0006.wav (长度: 6.75秒)
2025-07-16 02:00:53 - 保存: shorts_noisy\2023-10-19_10-43-20_PART0007.wav (长度: 7.17秒)
2025-07-16 02:00:53 - 保存: shorts_noisy\2023-10-19_10-43-20_PART0008.wav (长度: 7.14秒)
2025-07-16 02:00:53 - 保存: shorts_noisy\2023-10-19_10-43-20_PART0009.wav (长度: 6.29秒)
2025-07-16 02:00:53 - 保存: shorts_noisy\2023-10-19_10-43-20_PART0010.wav (长度: 6.78秒)
2025-07-16 02:00:53 - 保存: shorts_noisy\2023-10-19_10-43-20_PART0011.wav (长度: 10.81秒)
2025-07-16 02:00:53 - 保存: shorts_noisy\2023-10-19_10-43-20_PART0012.wav (长度: 7.17秒)
2025-07-16 02:00:53 - 保存: shorts_noisy\2023-10-19_10-43-20_PART0013.wav (长度: 12.60秒)
2025-07-16 02:00:53 - --------------------------------------------------
2025-07-16 02:00:53 - 进度: 31/41
2025-07-16 02:00:53 - 使用特殊配置: thresh=-40, min_silence=300, force=True
2025-07-16 02:00:53 - 处理文件: balanced\2023-11-08_11-30-11.wav
2025-07-16 02:00:53 - 音频时长: 63.18秒
2025-07-16 02:00:54 - 保存: shorts_noisy\2023-11-08_11-30-11_PART0000.wav (长度: 11.01秒)
2025-07-16 02:00:54 - 保存: shorts_noisy\2023-11-08_11-30-11_PART0001.wav (长度: 14.86秒)
2025-07-16 02:00:54 - 保存: shorts_noisy\2023-11-08_11-30-11_PART0002.wav (长度: 6.18秒)
2025-07-16 02:00:54 - 保存: shorts_noisy\2023-11-08_11-30-11_PART0003.wav (长度: 8.34秒)
2025-07-16 02:00:54 - 保存: shorts_noisy\2023-11-08_11-30-11_PART0004.wav (长度: 8.19秒)
2025-07-16 02:00:54 - 保存: shorts_noisy\2023-11-08_11-30-11_PART0005.wav (长度: 12.49秒)
2025-07-16 02:00:54 - --------------------------------------------------
2025-07-16 02:00:54 - 进度: 32/41
2025-07-16 02:00:54 - 使用特殊配置: thresh=-40, min_silence=300, force=True
2025-07-16 02:00:54 - 处理文件: balanced\2024-01-26_12-17-51.wav
2025-07-16 02:00:54 - 音频时长: 103.94秒
2025-07-16 02:00:54 - 音频过长且没有检测到合适的静音分割点: balanced\2024-01-26_12-17-51.wav
2025-07-16 02:00:54 - 音频长度: 103.94秒, 无法在60.0秒内找到分割点
2025-07-16 02:00:54 - --------------------------------------------------
2025-07-16 02:00:54 - 进度: 33/41
2025-07-16 02:00:54 - 使用特殊配置: thresh=-40, min_silence=300, force=True
2025-07-16 02:00:54 - 处理文件: balanced\2024-02-06_08-18-06.wav
2025-07-16 02:00:54 - 音频时长: 98.41秒
2025-07-16 02:00:55 - 音频过长且没有检测到合适的静音分割点: balanced\2024-02-06_08-18-06.wav
2025-07-16 02:00:55 - 音频长度: 98.41秒, 无法在60.0秒内找到分割点
2025-07-16 02:00:55 - --------------------------------------------------
2025-07-16 02:00:55 - 进度: 34/41
2025-07-16 02:00:55 - 使用特殊配置: thresh=-40, min_silence=300, force=True
2025-07-16 02:00:55 - 处理文件: balanced\2024-02-18_08-03-12.wav
2025-07-16 02:00:55 - 音频时长: 107.65秒
2025-07-16 02:00:56 - 保存: shorts_noisy\2024-02-18_08-03-12_PART0000.wav (长度: 6.47秒)
2025-07-16 02:00:56 - 保存: shorts_noisy\2024-02-18_08-03-12_PART0001.wav (长度: 11.84秒)
2025-07-16 02:00:56 - 保存: shorts_noisy\2024-02-18_08-03-12_PART0002.wav (长度: 13.56秒)
2025-07-16 02:00:56 - 保存: shorts_noisy\2024-02-18_08-03-12_PART0003.wav (长度: 6.55秒)
2025-07-16 02:00:56 - 保存: shorts_noisy\2024-02-18_08-03-12_PART0004.wav (长度: 10.27秒)
2025-07-16 02:00:56 - 保存: shorts_noisy\2024-02-18_08-03-12_PART0005.wav (长度: 8.90秒)
2025-07-16 02:00:56 - 保存: shorts_noisy\2024-02-18_08-03-12_PART0006.wav (长度: 22.85秒)
2025-07-16 02:00:56 - 保存: shorts_noisy\2024-02-18_08-03-12_PART0007.wav (长度: 24.39秒)
2025-07-16 02:00:56 - --------------------------------------------------
2025-07-16 02:00:56 - 进度: 35/41
2025-07-16 02:00:56 - 使用特殊配置: thresh=-40, min_silence=300, force=True
2025-07-16 02:00:56 - 处理文件: balanced\2024-03-14_15-45-41.wav
2025-07-16 02:00:56 - 音频时长: 118.45秒
2025-07-16 02:00:57 - 保存: shorts_noisy\2024-03-14_15-45-41_PART0000.wav (长度: 7.71秒)
2025-07-16 02:00:57 - 保存: shorts_noisy\2024-03-14_15-45-41_PART0001.wav (长度: 6.07秒)
2025-07-16 02:00:57 - 保存: shorts_noisy\2024-03-14_15-45-41_PART0002.wav (长度: 9.23秒)
2025-07-16 02:00:57 - 保存: shorts_noisy\2024-03-14_15-45-41_PART0003.wav (长度: 6.51秒)
2025-07-16 02:00:57 - 保存: shorts_noisy\2024-03-14_15-45-41_PART0004.wav (长度: 7.15秒)
2025-07-16 02:00:57 - 保存: shorts_noisy\2024-03-14_15-45-41_PART0005.wav (长度: 7.64秒)
2025-07-16 02:00:57 - 保存: shorts_noisy\2024-03-14_15-45-41_PART0006.wav (长度: 8.71秒)
2025-07-16 02:00:57 - 保存: shorts_noisy\2024-03-14_15-45-41_PART0007.wav (长度: 7.63秒)
2025-07-16 02:00:57 - 保存: shorts_noisy\2024-03-14_15-45-41_PART0008.wav (长度: 7.37秒)
2025-07-16 02:00:57 - 保存: shorts_noisy\2024-03-14_15-45-41_PART0009.wav (长度: 11.14秒)
2025-07-16 02:00:57 - 保存: shorts_noisy\2024-03-14_15-45-41_PART0010.wav (长度: 6.13秒)
2025-07-16 02:00:57 - 保存: shorts_noisy\2024-03-14_15-45-41_PART0011.wav (长度: 7.37秒)
2025-07-16 02:00:57 - 保存: shorts_noisy\2024-03-14_15-45-41_PART0012.wav (长度: 6.00秒)
2025-07-16 02:00:57 - 保存: shorts_noisy\2024-03-14_15-45-41_PART0013.wav (长度: 7.21秒)
2025-07-16 02:00:57 - --------------------------------------------------
2025-07-16 02:00:57 - 进度: 36/41
2025-07-16 02:00:57 - 使用特殊配置: thresh=-40, min_silence=300, force=True
2025-07-16 02:00:57 - 处理文件: balanced\2024-03-15_16-09-09.wav
2025-07-16 02:00:57 - 音频时长: 96.40秒
2025-07-16 02:00:57 - 保存: shorts_noisy\2024-03-15_16-09-09_PART0000.wav (长度: 9.56秒)
2025-07-16 02:00:57 - 保存: shorts_noisy\2024-03-15_16-09-09_PART0001.wav (长度: 7.49秒)
2025-07-16 02:00:57 - 保存: shorts_noisy\2024-03-15_16-09-09_PART0002.wav (长度: 6.64秒)
2025-07-16 02:00:57 - 保存: shorts_noisy\2024-03-15_16-09-09_PART0003.wav (长度: 7.39秒)
2025-07-16 02:00:57 - 保存: shorts_noisy\2024-03-15_16-09-09_PART0004.wav (长度: 11.47秒)
2025-07-16 02:00:57 - 保存: shorts_noisy\2024-03-15_16-09-09_PART0005.wav (长度: 6.13秒)
2025-07-16 02:00:57 - 保存: shorts_noisy\2024-03-15_16-09-09_PART0006.wav (长度: 6.56秒)
2025-07-16 02:00:57 - 保存: shorts_noisy\2024-03-15_16-09-09_PART0007.wav (长度: 6.46秒)
2025-07-16 02:00:57 - 保存: shorts_noisy\2024-03-15_16-09-09_PART0008.wav (长度: 6.53秒)
2025-07-16 02:00:57 - 保存: shorts_noisy\2024-03-15_16-09-09_PART0009.wav (长度: 6.77秒)
2025-07-16 02:00:57 - 保存: shorts_noisy\2024-03-15_16-09-09_PART0010.wav (长度: 15.38秒)
2025-07-16 02:00:57 - --------------------------------------------------
2025-07-16 02:00:57 - 进度: 37/41
2025-07-16 02:00:57 - 使用特殊配置: thresh=-40, min_silence=300, force=True
2025-07-16 02:00:57 - 处理文件: balanced\2024-05-11_06-54-53.wav
2025-07-16 02:00:57 - 音频时长: 128.48秒
2025-07-16 02:00:58 - 保存: shorts_noisy\2024-05-11_06-54-53_PART0000.wav (长度: 6.66秒)
2025-07-16 02:00:58 - 保存: shorts_noisy\2024-05-11_06-54-53_PART0001.wav (长度: 6.71秒)
2025-07-16 02:00:58 - 保存: shorts_noisy\2024-05-11_06-54-53_PART0002.wav (长度: 6.90秒)
2025-07-16 02:00:58 - 保存: shorts_noisy\2024-05-11_06-54-53_PART0003.wav (长度: 7.48秒)
2025-07-16 02:00:58 - 保存: shorts_noisy\2024-05-11_06-54-53_PART0004.wav (长度: 8.55秒)
2025-07-16 02:00:58 - 保存: shorts_noisy\2024-05-11_06-54-53_PART0005.wav (长度: 6.66秒)
2025-07-16 02:00:58 - 保存: shorts_noisy\2024-05-11_06-54-53_PART0006.wav (长度: 8.21秒)
2025-07-16 02:00:58 - 保存: shorts_noisy\2024-05-11_06-54-53_PART0007.wav (长度: 6.61秒)
2025-07-16 02:00:58 - 保存: shorts_noisy\2024-05-11_06-54-53_PART0008.wav (长度: 8.27秒)
2025-07-16 02:00:58 - 保存: shorts_noisy\2024-05-11_06-54-53_PART0009.wav (长度: 8.00秒)
2025-07-16 02:00:58 - 保存: shorts_noisy\2024-05-11_06-54-53_PART0010.wav (长度: 8.53秒)
2025-07-16 02:00:58 - 保存: shorts_noisy\2024-05-11_06-54-53_PART0011.wav (长度: 6.95秒)
2025-07-16 02:00:58 - 保存: shorts_noisy\2024-05-11_06-54-53_PART0012.wav (长度: 6.41秒)
2025-07-16 02:00:58 - 保存: shorts_noisy\2024-05-11_06-54-53_PART0013.wav (长度: 7.06秒)
2025-07-16 02:00:58 - 保存: shorts_noisy\2024-05-11_06-54-53_PART0014.wav (长度: 7.41秒)
2025-07-16 02:00:58 - 保存: shorts_noisy\2024-05-11_06-54-53_PART0015.wav (长度: 10.32秒)
2025-07-16 02:00:58 - --------------------------------------------------
2025-07-16 02:00:58 - 进度: 38/41
2025-07-16 02:00:58 - 使用特殊配置: thresh=-40, min_silence=300, force=True
2025-07-16 02:00:58 - 处理文件: balanced\2024-06-09_09-26-09.wav
2025-07-16 02:00:58 - 音频时长: 90.63秒
2025-07-16 02:00:59 - 保存: shorts_noisy\2024-06-09_09-26-09_PART0000.wav (长度: 7.43秒)
2025-07-16 02:00:59 - 保存: shorts_noisy\2024-06-09_09-26-09_PART0001.wav (长度: 6.68秒)
2025-07-16 02:00:59 - 保存: shorts_noisy\2024-06-09_09-26-09_PART0002.wav (长度: 6.00秒)
2025-07-16 02:00:59 - 保存: shorts_noisy\2024-06-09_09-26-09_PART0003.wav (长度: 7.61秒)
2025-07-16 02:00:59 - 保存: shorts_noisy\2024-06-09_09-26-09_PART0004.wav (长度: 8.21秒)
2025-07-16 02:00:59 - 保存: shorts_noisy\2024-06-09_09-26-09_PART0005.wav (长度: 11.94秒)
2025-07-16 02:00:59 - 保存: shorts_noisy\2024-06-09_09-26-09_PART0006.wav (长度: 6.66秒)
2025-07-16 02:00:59 - 保存: shorts_noisy\2024-06-09_09-26-09_PART0007.wav (长度: 8.10秒)
2025-07-16 02:00:59 - 保存: shorts_noisy\2024-06-09_09-26-09_PART0008.wav (长度: 11.69秒)
2025-07-16 02:00:59 - 保存: shorts_noisy\2024-06-09_09-26-09_PART0009.wav (长度: 10.16秒)
2025-07-16 02:00:59 - --------------------------------------------------
2025-07-16 02:00:59 - 进度: 39/41
2025-07-16 02:00:59 - 使用特殊配置: thresh=-40, min_silence=300, force=True
2025-07-16 02:00:59 - 处理文件: balanced\2024-12-19_05-09-55.wav
2025-07-16 02:00:59 - 音频时长: 136.63秒
2025-07-16 02:01:00 - 保存: shorts_noisy\2024-12-19_05-09-55_PART0000.wav (长度: 6.17秒)
2025-07-16 02:01:00 - 保存: shorts_noisy\2024-12-19_05-09-55_PART0001.wav (长度: 7.10秒)
2025-07-16 02:01:00 - 保存: shorts_noisy\2024-12-19_05-09-55_PART0002.wav (长度: 7.92秒)
2025-07-16 02:01:00 - 保存: shorts_noisy\2024-12-19_05-09-55_PART0003.wav (长度: 7.64秒)
2025-07-16 02:01:00 - 保存: shorts_noisy\2024-12-19_05-09-55_PART0004.wav (长度: 12.13秒)
2025-07-16 02:01:00 - 保存: shorts_noisy\2024-12-19_05-09-55_PART0005.wav (长度: 9.61秒)
2025-07-16 02:01:00 - 保存: shorts_noisy\2024-12-19_05-09-55_PART0006.wav (长度: 6.20秒)
2025-07-16 02:01:00 - 保存: shorts_noisy\2024-12-19_05-09-55_PART0007.wav (长度: 8.48秒)
2025-07-16 02:01:00 - 保存: shorts_noisy\2024-12-19_05-09-55_PART0008.wav (长度: 6.98秒)
2025-07-16 02:01:00 - 保存: shorts_noisy\2024-12-19_05-09-55_PART0009.wav (长度: 6.60秒)
2025-07-16 02:01:00 - 保存: shorts_noisy\2024-12-19_05-09-55_PART0010.wav (长度: 22.16秒)
2025-07-16 02:01:00 - 保存: shorts_noisy\2024-12-19_05-09-55_PART0011.wav (长度: 6.05秒)
2025-07-16 02:01:00 - 保存: shorts_noisy\2024-12-19_05-09-55_PART0012.wav (长度: 9.10秒)
2025-07-16 02:01:00 - 保存: shorts_noisy\2024-12-19_05-09-55_PART0013.wav (长度: 14.17秒)
2025-07-16 02:01:00 - --------------------------------------------------
2025-07-16 02:01:00 - 进度: 40/41
2025-07-16 02:01:00 - 使用特殊配置: thresh=-40, min_silence=300, force=True
2025-07-16 02:01:00 - 处理文件: balanced\2025-04-25_17-55-24.wav
2025-07-16 02:01:00 - 音频时长: 75.58秒
2025-07-16 02:01:01 - 保存: shorts_noisy\2025-04-25_17-55-24_PART0000.wav (长度: 6.66秒)
2025-07-16 02:01:01 - 保存: shorts_noisy\2025-04-25_17-55-24_PART0001.wav (长度: 7.27秒)
2025-07-16 02:01:01 - 保存: shorts_noisy\2025-04-25_17-55-24_PART0002.wav (长度: 18.33秒)
2025-07-16 02:01:01 - 保存: shorts_noisy\2025-04-25_17-55-24_PART0003.wav (长度: 13.67秒)
2025-07-16 02:01:01 - 保存: shorts_noisy\2025-04-25_17-55-24_PART0004.wav (长度: 7.60秒)
2025-07-16 02:01:01 - 保存: shorts_noisy\2025-04-25_17-55-24_PART0005.wav (长度: 20.08秒)
2025-07-16 02:01:01 - --------------------------------------------------
2025-07-16 02:01:01 - 进度: 41/41
2025-07-16 02:01:01 - 使用特殊配置: thresh=-40, min_silence=300, force=True
2025-07-16 02:01:01 - 处理文件: balanced\2025-05-12_10-10-14.wav
2025-07-16 02:01:01 - 音频时长: 112.64秒
2025-07-16 02:01:01 - 保存: shorts_noisy\2025-05-12_10-10-14_PART0000.wav (长度: 7.94秒)
2025-07-16 02:01:01 - 保存: shorts_noisy\2025-05-12_10-10-14_PART0001.wav (长度: 6.53秒)
2025-07-16 02:01:01 - 保存: shorts_noisy\2025-05-12_10-10-14_PART0002.wav (长度: 6.20秒)
2025-07-16 02:01:01 - 保存: shorts_noisy\2025-05-12_10-10-14_PART0003.wav (长度: 7.94秒)
2025-07-16 02:01:01 - 保存: shorts_noisy\2025-05-12_10-10-14_PART0004.wav (长度: 6.89秒)
2025-07-16 02:01:01 - 保存: shorts_noisy\2025-05-12_10-10-14_PART0005.wav (长度: 6.47秒)
2025-07-16 02:01:01 - 保存: shorts_noisy\2025-05-12_10-10-14_PART0006.wav (长度: 6.75秒)
2025-07-16 02:01:01 - 保存: shorts_noisy\2025-05-12_10-10-14_PART0007.wav (长度: 7.17秒)
2025-07-16 02:01:01 - 保存: shorts_noisy\2025-05-12_10-10-14_PART0008.wav (长度: 7.14秒)
2025-07-16 02:01:01 - 保存: shorts_noisy\2025-05-12_10-10-14_PART0009.wav (长度: 6.29秒)
2025-07-16 02:01:01 - 保存: shorts_noisy\2025-05-12_10-10-14_PART0010.wav (长度: 6.78秒)
2025-07-16 02:01:01 - 保存: shorts_noisy\2025-05-12_10-10-14_PART0011.wav (长度: 10.81秒)
2025-07-16 02:01:01 - 保存: shorts_noisy\2025-05-12_10-10-14_PART0012.wav (长度: 7.17秒)
2025-07-16 02:01:01 - 保存: shorts_noisy\2025-05-12_10-10-14_PART0013.wav (长度: 12.63秒)
2025-07-16 02:01:01 - --------------------------------------------------
2025-07-16 02:01:01 - ============================================================
2025-07-16 02:01:01 - 处理结果统计
2025-07-16 02:01:01 - ============================================================
2025-07-16 02:01:01 - 总文件数: 41
2025-07-16 02:01:01 - 成功处理: 37
2025-07-16 02:01:01 - 失败文件: 4
2025-07-16 02:01:01 - 成功率: 90.24%
2025-07-16 02:01:01 - 失败文件列表:
2025-07-16 02:01:01 -   - 2023-04-22_10-58-56.wav
2025-07-16 02:01:01 -   - 2023-04-23_11-07-44.wav
2025-07-16 02:01:01 -   - 2024-01-26_12-17-51.wav
2025-07-16 02:01:01 -   - 2024-02-06_08-18-06.wav
2025-07-16 02:01:01 - 分割后音频片段长度分布统计:
2025-07-16 02:01:01 -   总片段数: 352
2025-07-16 02:01:01 -   平均长度: 9.77秒
2025-07-16 02:01:01 -   中位数: 7.64秒
2025-07-16 02:01:01 -   最小长度: 6.00秒
2025-07-16 02:01:01 -   最大长度: 51.70秒
2025-07-16 02:01:01 -   标准差: 6.12秒
2025-07-16 02:01:01 -   方差: 37.49秒²
2025-07-16 02:01:01 -   第一四分位数 (Q1): 6.71秒
2025-07-16 02:01:01 -   第三四分位数 (Q3): 10.21秒
2025-07-16 02:01:01 -   八分位数分布:
2025-07-16 02:01:01 -     P12.5: 6.36秒
2025-07-16 02:01:01 -     P25.0: 6.71秒
2025-07-16 02:01:01 -     P37.5: 7.16秒
2025-07-16 02:01:01 -     P50.0: 7.64秒
2025-07-16 02:01:01 -     P62.5: 8.28秒
2025-07-16 02:01:01 -     P75.0: 10.21秒
2025-07-16 02:01:01 -     P87.5: 13.46秒
2025-07-16 02:01:01 - 
长度分布区间统计:
2025-07-16 02:01:01 -   <6s: 0 个 (0.0%)
2025-07-16 02:01:01 -   6-8s: 205 个 (58.2%)
2025-07-16 02:01:01 -   8-10s: 57 个 (16.2%)
2025-07-16 02:01:01 -   10-12s: 30 个 (8.5%)
2025-07-16 02:01:01 -   12-15s: 24 个 (6.8%)
2025-07-16 02:01:01 -   15-20s: 13 个 (3.7%)
2025-07-16 02:01:01 -   20-30s: 16 个 (4.5%)
2025-07-16 02:01:01 -   30-60s: 7 个 (2.0%)
2025-07-16 02:01:01 -   >60s: 0 个 (0.0%)
2025-07-16 02:01:01 - ============================================================
2025-07-16 02:01:01 - 结束时间: 2025-07-16 02:01:01
2025-07-16 02:01:01 - 程序运行完成
2025-07-16 02:01:01 - 失败文件配置已保存到: split_audio_config.json
2025-07-16 02:01:01 - 失败文件配置已保存，可用于重新处理
